Начало скачек. Количество участников: 7
Начало скачек. Количество участников: 7
Начало скачек. Количество участников: 7
2023-01-31 21:21:27,174 INFO  Main: Начало скачек. Количество участников: 7
2023-01-31 21:35:05,051 INFO  Main: Начало скачек. Количество участников: 7
2023-01-31 21:35:05,882 INFO  Main: Oкончание скачек. Победитель: Пегас
2023-01-31 21:37:06,055 INFO  Main: Начало скачек. Количество участников: 7
2023-01-31 21:37:06,878 INFO  Main: Oкончание скачек. Победитель: Лобстер
2023-01-31 21:37:49,344 INFO  Main: Начало скачек. Количество участников: 7
2023-01-31 21:37:50,163 INFO  Main: Oкончание скачек. Победитель: Пегас
2023-01-31 21:39:43,971 INFO  Main: Начало скачек. Количество участников: 7
2023-01-31 21:39:44,799 INFO  Main: Oкончание скачек. Победитель: Вишня
2023-01-31 21:40:10,678 INFO  Main: Начало скачек. Количество участников: 7
2023-01-31 21:40:11,502 INFO  Main: Oкончание скачек. Победитель: Лобстер
2023-01-31 21:43:11,366 INFO  Hippodrome: Horses list is null
2023-01-31 21:43:43,364 INFO  Hippodrome: Horses list is null
2023-01-31 21:43:57,392 INFO  Main: Начало скачек. Количество участников: 7
2023-01-31 21:43:58,212 INFO  Main: Oкончание скачек. Победитель: Вишня
2023-01-31 21:46:57,634 DEBUG Hippodrome: Создание Hippodrome, лошадей : 7
2023-01-31 21:46:57,634 INFO  Main: Начало скачек. Количество участников: 7
2023-01-31 21:46:58,470 INFO  Main: Oкончание скачек. Победитель: Зефир
2023-01-31 21:47:25,103 DEBUG Hippodrome: Создание Hippodrome, лошадей : 7
2023-01-31 21:47:25,106 INFO  Main: Начало скачек. Количество участников: 7
2023-01-31 21:47:25,935 INFO  Main: Oкончание скачек. Победитель: Буцефал
2023-01-31 21:47:37,173 DEBUG Hippodrome: Создание Hippodrome, лошадей : 7
2023-01-31 21:47:37,175 INFO  Main: Начало скачек. Количество участников: 7
2023-01-31 21:47:37,998 INFO  Main: Oкончание скачек. Победитель: Пегас
2023-01-31 21:48:10,288 DEBUG Hippodrome: Создание Hippodrome, лошадей : 7
2023-01-31 21:48:10,291 INFO  Main: Начало скачек. Количество участников: 7
2023-01-31 21:48:11,116 INFO  Main: Oкончание скачек. Победитель: Буцефал
2023-01-31 21:48:19,728 DEBUG Hippodrome: Создание Hippodrome, лошадей : 7
2023-01-31 21:48:19,731 INFO  Main: Начало скачек. Количество участников: 7
2023-01-31 21:48:20,561 INFO  Main: Oкончание скачек. Победитель: Пожар
2023-01-31 21:53:59,119 DEBUG Horse: Создание Horse, имя Буцефал, скорость 2.4 
2023-01-31 21:53:59,121 DEBUG Horse: Создание Horse, имя Туз Пик, скорость 2.5 
2023-01-31 21:53:59,121 DEBUG Horse: Создание Horse, имя Зефир, скорость 2.6 
2023-01-31 21:53:59,122 DEBUG Horse: Создание Horse, имя Пожар, скорость 2.7 
2023-01-31 21:53:59,122 DEBUG Horse: Создание Horse, имя Лобстер, скорость 2.8 
2023-01-31 21:53:59,122 DEBUG Horse: Создание Horse, имя Пегас, скорость 2.9 
2023-01-31 21:53:59,122 DEBUG Horse: Создание Horse, имя Вишня, скорость 3.0 
2023-01-31 21:53:59,123 DEBUG Hippodrome: Создание Hippodrome, лошадей : 7
2023-01-31 21:53:59,123 INFO  Main: Начало скачек. Количество участников: 7
2023-01-31 21:53:59,951 INFO  Main: Oкончание скачек. Победитель: Лобстер
2023-01-31 21:55:21,872 DEBUG Horse: Создание Horse, имя Буцефал, скорость 2.4 
2023-01-31 21:55:21,875 DEBUG Horse: Создание Horse, имя Туз Пик, скорость 2.5 
2023-01-31 21:55:21,875 DEBUG Horse: Создание Horse, имя Зефир, скорость 2.6 
2023-01-31 21:55:21,875 DEBUG Horse: Создание Horse, имя Пожар, скорость 2.7 
2023-01-31 21:55:21,875 DEBUG Horse: Создание Horse, имя Лобстер, скорость 2.8 
2023-01-31 21:55:21,875 DEBUG Horse: Создание Horse, имя Пегас, скорость 2.9 
2023-01-31 21:55:21,875 DEBUG Horse: Создание Horse, имя Вишня, скорость 3.0 
2023-01-31 21:55:21,876 DEBUG Hippodrome: Создание Hippodrome, лошадей : 7
2023-01-31 21:55:21,877 INFO  Main: Начало скачек. Количество участников: 7
2023-01-31 21:55:22,711 INFO  Main: Oкончание скачек. Победитель: Пегас
